<?xml version="1.0" encoding="UTF-8"?>
<!-- Generated by org.testng.reporters.JUnitXMLReporter -->
<testsuite ignored="4" hostname="DESKTOP-MVKTGS4" failures="0" tests="5" name="Default test" time="20.262" errors="0" timestamp="2023-01-06T14:51:13 EET">
  <testcase classname="Tests.userRegiterationTest" name="UserRegisterSuccessfully" time="4.108"/>
  <testcase classname="Tests.userRegiterationTest" name="UserNotRegisterSuccessfully" time="1.246"/>
  <testcase classname="Tests.userRegiterationTest" name="UserNotRegisterInvalidPass" time="1.186"/>
  <testcase classname="Tests.userRegiterationTest" name="EmptyFields" time="1.149"/>
  <testcase classname="Tests.SearchTest" name="SearchForProduct" time="12.497"/>
  <testcase classname="Tests.TestBase" name="@AfterSuite StopDriver" time="0.0">
    <ignored/>
  </testcase> <!-- @AfterSuite StopDriver -->
  <testcase classname="Tests.TestBase" name="@BeforeSuite startDriver" time="0.0">
    <ignored/>
  </testcase> <!-- @BeforeSuite startDriver -->
  <testcase classname="Tests.TestBase" name="@AfterSuite StopDriver" time="0.0">
    <ignored/>
  </testcase> <!-- @AfterSuite StopDriver -->
  <testcase classname="Tests.TestBase" name="@BeforeSuite startDriver" time="0.0">
    <ignored/>
  </testcase> <!-- @BeforeSuite startDriver -->
</testsuite> <!-- Default test -->
