<?xml version="1.0" encoding="UTF-8"?>
<testng-results ignored="4" total="9" passed="5" failed="0" skipped="0">
  <reporter-output>
  </reporter-output>
  <suite started-at="2023-01-06T14:50:53 EET" name="Default suite" finished-at="2023-01-06T14:51:13 EET" duration-ms="20262">
    <groups>
    </groups>
    <test started-at="2023-01-06T14:50:53 EET" name="Default test" finished-at="2023-01-06T14:51:13 EET" duration-ms="20262">
      <class name="Tests.userRegiterationTest">
        <test-method is-config="true" signature="startDriver()[pri:0, instance:Tests.userRegiterationTest@1283bb96]" started-at="2023-01-06T14:50:45 EET" name="startDriver" finished-at="2023-01-06T14:50:53 EET" duration-ms="7647" status="PASS">
          <reporter-output>
          </reporter-output>
        </test-method> <!-- startDriver -->
        <test-method signature="UserRegisterSuccessfully()[pri:1, instance:Tests.userRegiterationTest@1283bb96]" started-at="2023-01-06T14:50:53 EET" name="UserRegisterSuccessfully" finished-at="2023-01-06T14:50:57 EET" duration-ms="4108" status="PASS">
          <reporter-output>
          </reporter-output>
        </test-method> <!-- UserRegisterSuccessfully -->
        <test-method signature="UserNotRegisterSuccessfully()[pri:2, instance:Tests.userRegiterationTest@1283bb96]" started-at="2023-01-06T14:50:57 EET" name="UserNotRegisterSuccessfully" finished-at="2023-01-06T14:50:58 EET" duration-ms="1246" status="PASS">
          <reporter-output>
          </reporter-output>
        </test-method> <!-- UserNotRegisterSuccessfully -->
        <test-method signature="UserNotRegisterInvalidPass()[pri:3, instance:Tests.userRegiterationTest@1283bb96]" started-at="2023-01-06T14:50:58 EET" name="UserNotRegisterInvalidPass" finished-at="2023-01-06T14:50:59 EET" duration-ms="1186" status="PASS">
          <reporter-output>
          </reporter-output>
        </test-method> <!-- UserNotRegisterInvalidPass -->
        <test-method signature="EmptyFields()[pri:4, instance:Tests.userRegiterationTest@1283bb96]" started-at="2023-01-06T14:50:59 EET" name="EmptyFields" finished-at="2023-01-06T14:51:00 EET" duration-ms="1149" status="PASS">
          <reporter-output>
          </reporter-output>
        </test-method> <!-- EmptyFields -->
        <test-method is-config="true" signature="StopDriver()[pri:0, instance:Tests.userRegiterationTest@1283bb96]" started-at="2023-01-06T14:51:13 EET" name="StopDriver" finished-at="2023-01-06T14:51:14 EET" duration-ms="542" status="PASS">
          <reporter-output>
          </reporter-output>
        </test-method> <!-- StopDriver -->
      </class> <!-- Tests.userRegiterationTest -->
      <class name="Tests.SearchTest">
        <test-method signature="SearchForProduct()[pri:0, instance:Tests.SearchTest@55b699ef]" started-at="2023-01-06T14:51:00 EET" name="SearchForProduct" finished-at="2023-01-06T14:51:13 EET" duration-ms="12497" status="PASS">
          <reporter-output>
          </reporter-output>
        </test-method> <!-- SearchForProduct -->
      </class> <!-- Tests.SearchTest -->
    </test> <!-- Default test -->
  </suite> <!-- Default suite -->
</testng-results>
